2025-07-02 04:43:43,988 - INFO - Starting enterprise dependency installation...
2025-07-02 04:43:43,989 - INFO - Python version check passed: 3.11.2
2025-07-02 04:43:43,989 - INFO - Upgrading pip to latest version...
2025-07-02 04:43:45,089 - INFO - Pip upgraded successfully
2025-07-02 04:43:45,089 - INFO - Installing psutil>=5.8.0...
2025-07-02 04:43:45,992 - INFO - Successfully installed psutil>=5.8.0
2025-07-02 04:43:46,020 - INFO - Package psutil verified successfully
2025-07-02 04:43:46,020 - INFO - Installing numpy>=1.21.0...
2025-07-02 04:43:47,038 - INFO - Successfully installed numpy>=1.21.0
2025-07-02 04:43:47,206 - INFO - Package numpy verified successfully
2025-07-02 04:43:47,206 - INFO - Installing pandas>=1.3.0...
2025-07-02 04:43:48,146 - INFO - Successfully installed pandas>=1.3.0
2025-07-02 04:43:48,470 - INFO - Package pandas verified successfully
2025-07-02 04:43:48,470 - INFO - Installing scikit-learn>=1.0.0...
2025-07-02 04:43:49,464 - INFO - Successfully installed scikit-learn>=1.0.0
2025-07-02 04:43:49,977 - INFO - Package sklearn verified successfully
2025-07-02 04:43:49,977 - INFO - Installing matplotlib>=3.5.0...
2025-07-02 04:43:50,892 - INFO - Successfully installed matplotlib>=3.5.0
2025-07-02 04:43:51,085 - INFO - Package matplotlib verified successfully
2025-07-02 04:43:51,085 - INFO - Installing seaborn>=0.11.0...
2025-07-02 04:43:52,059 - INFO - Successfully installed seaborn>=0.11.0
2025-07-02 04:43:52,444 - INFO - Package seaborn verified successfully
2025-07-02 04:43:52,444 - INFO - Installing yfinance>=0.1.70...
2025-07-02 04:43:53,338 - INFO - Successfully installed yfinance>=0.1.70
2025-07-02 04:43:53,652 - INFO - Package yfinance verified successfully
2025-07-02 04:43:53,653 - INFO - Installing TA-Lib>=0.4.24...
2025-07-02 04:43:59,653 - WARNING - Strategy failed for TA-Lib>=0.4.24:   error: subprocess-exited-with-error
  
  × Building wheel for TA-Lib (pyproject.toml) did not run successfully.
  │ exit code: 1
  ╰─> [37 lines of output]
      running bdist_wheel
      running build
      running build_py
      creating build/lib.linux-x86_64-cpython-311/talib
      copying talib/deprecated.py -> build/lib.linux-x86_64-cpython-311/talib
      copying talib/__init__.py -> build/lib.linux-x86_64-cpython-311/talib
      copying talib/abstract.py -> build/lib.linux-x86_64-cpython-311/talib
      copying talib/stream.py -> build/lib.linux-x86_64-cpython-311/talib
      running egg_info
      writing ta_lib.egg-info/PKG-INFO
      writing dependency_links to ta_lib.egg-info/dependency_links.txt
      writing requirements to ta_lib.egg-info/requires.txt
      writing top-level names to ta_lib.egg-info/top_level.txt
      reading manifest file 'ta_lib.egg-info/SOURCES.txt'
      reading manifest template 'MANIFEST.in'
      adding license file 'LICENSE'
      adding license file 'AUTHORS'
      writing manifest file 'ta_lib.egg-info/SOURCES.txt'
      copying talib/_abstract.pxi -> build/lib.linux-x86_64-cpython-311/talib
      copying talib/_common.pxi -> build/lib.linux-x86_64-cpython-311/talib
      copying talib/_func.pxi -> build/lib.linux-x86_64-cpython-311/talib
      copying talib/_func.pyi -> build/lib.linux-x86_64-cpython-311/talib
      copying talib/_stream.pxi -> build/lib.linux-x86_64-cpython-311/talib
      copying talib/_stream.pyi -> build/lib.linux-x86_64-cpython-311/talib
      copying talib/_ta_lib.c -> build/lib.linux-x86_64-cpython-311/talib
      copying talib/_ta_lib.pyi -> build/lib.linux-x86_64-cpython-311/talib
      copying talib/_ta_lib.pyx -> build/lib.linux-x86_64-cpython-311/talib
      copying talib/py.typed -> build/lib.linux-x86_64-cpython-311/talib
      running build_ext
      building 'talib._ta_lib' extension
      creating build/temp.linux-x86_64-cpython-311/talib
      x86_64-linux-gnu-gcc -Wsign-compare -DNDEBUG -g -fwrapv -O2 -Wall -g -fstack-protector-strong -Wformat -Werror=format-security -g -fwrapv -O2 -fPIC -I/usr/include -I/usr/local/include -I/opt/include -I/opt/local/include -I/opt/homebrew/include -I/opt/homebrew/opt/ta-lib/include -I/tmp/pip-build-env-oxfr6y0r/normal/lib/python3.11/site-packages/numpy/_core/include -I/home/ACER/.cache/nicegold_env/nicegold_enterprise_env/include -I/usr/include/python3.11 -c talib/_ta_lib.c -o build/temp.linux-x86_64-cpython-311/talib/_ta_lib.o
      talib/_ta_lib.c:1225:10: fatal error: ta-lib/ta_defs.h: No such file or directory
       1225 | #include "ta-lib/ta_defs.h"
            |          ^~~~~~~~~~~~~~~~~~
      compilation terminated.
      error: command '/usr/bin/x86_64-linux-gnu-gcc' failed with exit code 1
      [end of output]
  
  note: This error originates from a subprocess, and is likely not a problem with pip.
  ERROR: Failed building wheel for TA-Lib
ERROR: Failed to build installable wheels for some pyproject.toml based projects (TA-Lib)

2025-07-02 04:44:00,228 - WARNING - Strategy failed for TA-Lib>=0.4.24: ERROR: Can not perform a '--user' install. User site-packages are not visible in this virtualenv.

2025-07-02 04:44:06,426 - WARNING - Strategy failed for TA-Lib>=0.4.24:   error: subprocess-exited-with-error
  
  × Building wheel for TA-Lib (pyproject.toml) did not run successfully.
  │ exit code: 1
  ╰─> [37 lines of output]
      running bdist_wheel
      running build
      running build_py
      creating build/lib.linux-x86_64-cpython-311/talib
      copying talib/deprecated.py -> build/lib.linux-x86_64-cpython-311/talib
      copying talib/__init__.py -> build/lib.linux-x86_64-cpython-311/talib
      copying talib/abstract.py -> build/lib.linux-x86_64-cpython-311/talib
      copying talib/stream.py -> build/lib.linux-x86_64-cpython-311/talib
      running egg_info
      writing ta_lib.egg-info/PKG-INFO
      writing dependency_links to ta_lib.egg-info/dependency_links.txt
      writing requirements to ta_lib.egg-info/requires.txt
      writing top-level names to ta_lib.egg-info/top_level.txt
      reading manifest file 'ta_lib.egg-info/SOURCES.txt'
      reading manifest template 'MANIFEST.in'
      adding license file 'LICENSE'
      adding license file 'AUTHORS'
      writing manifest file 'ta_lib.egg-info/SOURCES.txt'
      copying talib/_abstract.pxi -> build/lib.linux-x86_64-cpython-311/talib
      copying talib/_common.pxi -> build/lib.linux-x86_64-cpython-311/talib
      copying talib/_func.pxi -> build/lib.linux-x86_64-cpython-311/talib
      copying talib/_func.pyi -> build/lib.linux-x86_64-cpython-311/talib
      copying talib/_stream.pxi -> build/lib.linux-x86_64-cpython-311/talib
      copying talib/_stream.pyi -> build/lib.linux-x86_64-cpython-311/talib
      copying talib/_ta_lib.c -> build/lib.linux-x86_64-cpython-311/talib
      copying talib/_ta_lib.pyi -> build/lib.linux-x86_64-cpython-311/talib
      copying talib/_ta_lib.pyx -> build/lib.linux-x86_64-cpython-311/talib
      copying talib/py.typed -> build/lib.linux-x86_64-cpython-311/talib
      running build_ext
      building 'talib._ta_lib' extension
      creating build/temp.linux-x86_64-cpython-311/talib
      x86_64-linux-gnu-gcc -Wsign-compare -DNDEBUG -g -fwrapv -O2 -Wall -g -fstack-protector-strong -Wformat -Werror=format-security -g -fwrapv -O2 -fPIC -I/usr/include -I/usr/local/include -I/opt/include -I/opt/local/include -I/opt/homebrew/include -I/opt/homebrew/opt/ta-lib/include -I/tmp/pip-build-env-dyajt70c/normal/lib/python3.11/site-packages/numpy/_core/include -I/home/ACER/.cache/nicegold_env/nicegold_enterprise_env/include -I/usr/include/python3.11 -c talib/_ta_lib.c -o build/temp.linux-x86_64-cpython-311/talib/_ta_lib.o
      talib/_ta_lib.c:1225:10: fatal error: ta-lib/ta_defs.h: No such file or directory
       1225 | #include "ta-lib/ta_defs.h"
            |          ^~~~~~~~~~~~~~~~~~
      compilation terminated.
      error: command '/usr/bin/x86_64-linux-gnu-gcc' failed with exit code 1
      [end of output]
  
  note: This error originates from a subprocess, and is likely not a problem with pip.
  ERROR: Failed building wheel for TA-Lib
ERROR: Failed to build installable wheels for some pyproject.toml based projects (TA-Lib)

2025-07-02 04:44:13,123 - WARNING - Strategy failed for TA-Lib>=0.4.24:   error: subprocess-exited-with-error
  
  × Building wheel for TA-Lib (pyproject.toml) did not run successfully.
  │ exit code: 1
  ╰─> [37 lines of output]
      running bdist_wheel
      running build
      running build_py
      creating build/lib.linux-x86_64-cpython-311/talib
      copying talib/deprecated.py -> build/lib.linux-x86_64-cpython-311/talib
      copying talib/__init__.py -> build/lib.linux-x86_64-cpython-311/talib
      copying talib/abstract.py -> build/lib.linux-x86_64-cpython-311/talib
      copying talib/stream.py -> build/lib.linux-x86_64-cpython-311/talib
      running egg_info
      writing ta_lib.egg-info/PKG-INFO
      writing dependency_links to ta_lib.egg-info/dependency_links.txt
      writing requirements to ta_lib.egg-info/requires.txt
      writing top-level names to ta_lib.egg-info/top_level.txt
      reading manifest file 'ta_lib.egg-info/SOURCES.txt'
      reading manifest template 'MANIFEST.in'
      adding license file 'LICENSE'
      adding license file 'AUTHORS'
      writing manifest file 'ta_lib.egg-info/SOURCES.txt'
      copying talib/_abstract.pxi -> build/lib.linux-x86_64-cpython-311/talib
      copying talib/_common.pxi -> build/lib.linux-x86_64-cpython-311/talib
      copying talib/_func.pxi -> build/lib.linux-x86_64-cpython-311/talib
      copying talib/_func.pyi -> build/lib.linux-x86_64-cpython-311/talib
      copying talib/_stream.pxi -> build/lib.linux-x86_64-cpython-311/talib
      copying talib/_stream.pyi -> build/lib.linux-x86_64-cpython-311/talib
      copying talib/_ta_lib.c -> build/lib.linux-x86_64-cpython-311/talib
      copying talib/_ta_lib.pyi -> build/lib.linux-x86_64-cpython-311/talib
      copying talib/_ta_lib.pyx -> build/lib.linux-x86_64-cpython-311/talib
      copying talib/py.typed -> build/lib.linux-x86_64-cpython-311/talib
      running build_ext
      building 'talib._ta_lib' extension
      creating build/temp.linux-x86_64-cpython-311/talib
      x86_64-linux-gnu-gcc -Wsign-compare -DNDEBUG -g -fwrapv -O2 -Wall -g -fstack-protector-strong -Wformat -Werror=format-security -g -fwrapv -O2 -fPIC -I/usr/include -I/usr/local/include -I/opt/include -I/opt/local/include -I/opt/homebrew/include -I/opt/homebrew/opt/ta-lib/include -I/tmp/pip-build-env-cmi7d6u6/normal/lib/python3.11/site-packages/numpy/_core/include -I/home/ACER/.cache/nicegold_env/nicegold_enterprise_env/include -I/usr/include/python3.11 -c talib/_ta_lib.c -o build/temp.linux-x86_64-cpython-311/talib/_ta_lib.o
      talib/_ta_lib.c:1225:10: fatal error: ta-lib/ta_defs.h: No such file or directory
       1225 | #include "ta-lib/ta_defs.h"
            |          ^~~~~~~~~~~~~~~~~~
      compilation terminated.
      error: command '/usr/bin/x86_64-linux-gnu-gcc' failed with exit code 1
      [end of output]
  
  note: This error originates from a subprocess, and is likely not a problem with pip.
  ERROR: Failed building wheel for TA-Lib
ERROR: Failed to build installable wheels for some pyproject.toml based projects (TA-Lib)

2025-07-02 04:44:13,123 - ERROR - All strategies failed for TA-Lib>=0.4.24
2025-07-02 04:44:13,124 - INFO - Installing plotly>=5.5.0...
2025-07-02 04:44:14,114 - INFO - Successfully installed plotly>=5.5.0
2025-07-02 04:44:14,117 - INFO - Package plotly verified successfully
2025-07-02 04:44:14,117 - INFO - Installing dash>=2.0.0...
2025-07-02 04:44:14,991 - INFO - Successfully installed dash>=2.0.0
2025-07-02 04:44:15,260 - INFO - Package dash verified successfully
2025-07-02 04:44:15,260 - INFO - Installing requests>=2.25.0...
2025-07-02 04:44:16,228 - INFO - Successfully installed requests>=2.25.0
2025-07-02 04:44:16,316 - INFO - Package requests verified successfully
2025-07-02 04:44:16,316 - INFO - Installing colorama>=0.4.4...
2025-07-02 04:44:17,160 - INFO - Successfully installed colorama>=0.4.4
2025-07-02 04:44:17,164 - INFO - Package colorama verified successfully
2025-07-02 04:44:17,164 - INFO - Installing tqdm>=4.62.0...
2025-07-02 04:44:18,024 - INFO - Successfully installed tqdm>=4.62.0
2025-07-02 04:44:18,030 - INFO - Package tqdm verified successfully
2025-07-02 04:44:18,030 - INFO - Installing joblib>=1.1.0...
2025-07-02 04:44:19,005 - INFO - Successfully installed joblib>=1.1.0
2025-07-02 04:44:19,005 - INFO - Package joblib verified successfully
2025-07-02 04:44:19,005 - INFO - Installing optuna>=2.10.0...
2025-07-02 04:44:19,880 - INFO - Successfully installed optuna>=2.10.0
2025-07-02 04:44:20,331 - INFO - Package optuna verified successfully
2025-07-02 04:44:20,331 - INFO - Installing shap>=0.40.0...
2025-07-02 04:44:21,312 - INFO - Successfully installed shap>=0.40.0
2025-07-02 04:44:21,926 - INFO - Package shap verified successfully
2025-07-02 04:44:21,926 - INFO - Installation complete: 15/16 packages (93.8%)
2025-07-02 04:44:21,926 - WARNING - Failed packages: TA-Lib>=0.4.24
2025-07-02 04:44:21,927 - INFO - Enterprise installation SUCCESSFUL: 93.8% success rate
2025-07-02 04:44:21,927 - INFO - Package psutil verified successfully
2025-07-02 04:44:21,927 - INFO - Package numpy verified successfully
2025-07-02 04:44:21,927 - INFO - Package pandas verified successfully
2025-07-02 04:44:21,927 - INFO - Package sklearn verified successfully
2025-07-02 04:44:21,927 - INFO - Package matplotlib verified successfully
2025-07-02 04:44:21,927 - INFO - Package seaborn verified successfully
2025-07-02 04:44:21,927 - INFO - Package yfinance verified successfully
2025-07-02 04:44:21,928 - WARNING - Package talib verification failed
2025-07-02 04:44:21,928 - INFO - Package plotly verified successfully
2025-07-02 04:44:21,928 - INFO - Package dash verified successfully
2025-07-02 04:44:21,928 - INFO - Package requests verified successfully
2025-07-02 04:44:21,928 - INFO - Package colorama verified successfully
2025-07-02 04:44:21,928 - INFO - Package tqdm verified successfully
2025-07-02 04:44:21,928 - INFO - Package joblib verified successfully
2025-07-02 04:44:21,929 - INFO - Package optuna verified successfully
2025-07-02 04:44:21,929 - INFO - Package shap verified successfully
